2024-11-04 18:53:18.540 [info] [main] Log level: Info
2024-11-04 18:53:18.540 [info] [main] Validating found git in: "git"
2024-11-04 18:53:18.540 [info] [main] Using git "2.43.0" from "git"
2024-11-04 18:53:18.540 [info] [Model][doInitialScan] Initial repository scan started
2024-11-04 18:53:18.540 [info] > git rev-parse --show-toplevel [6ms]
2024-11-04 18:53:18.541 [info] > git rev-parse --git-dir --git-common-dir [1ms]
2024-11-04 18:53:18.552 [info] [Model][openRepository] Opened repository: /home/ascianhk/Descargas/2-Daw/Proyectos/Penyes-app
2024-11-04 18:53:18.560 [info] > git config --get commit.template [2ms]
2024-11-04 18:53:18.568 [info] > git for-each-ref --format=%(refname)%00%(upstream:short)%00%(objectname)%00%(upstream:track)%00%(upstream:remotename)%00%(upstream:remoteref) refs/heads/main refs/remotes/main [3ms]
2024-11-04 18:53:18.612 [info] > git status -z -uall [7ms]
2024-11-04 18:53:18.614 [info] > git for-each-ref --sort -committerdate --format %(refname) %(objectname) %(*objectname) [4ms]
2024-11-04 18:53:18.633 [info] > git for-each-ref --format=%(refname)%00%(upstream:short)%00%(objectname)%00%(upstream:track)%00%(upstream:remotename)%00%(upstream:remoteref) refs/heads/main refs/remotes/main [8ms]
2024-11-04 18:53:18.642 [info] > git config --local branch.main.vscode-merge-base [4ms]
2024-11-04 18:53:18.642 [warning] [Git][config] git config failed: Failed to execute git
2024-11-04 18:53:18.647 [info] > git config --get commit.template [14ms]
2024-11-04 18:53:18.681 [info] > git reflog main --grep-reflog=branch: Created from *. [34ms]
2024-11-04 18:53:18.724 [info] > git for-each-ref --format=%(refname)%00%(upstream:short)%00%(objectname)%00%(upstream:track)%00%(upstream:remotename)%00%(upstream:remoteref) refs/heads/main refs/remotes/main [36ms]
2024-11-04 18:53:18.724 [info] > git symbolic-ref --short refs/remotes/origin/HEAD [39ms]
2024-11-04 18:53:18.724 [info] fatal: ref refs/remotes/origin/HEAD is not a symbolic ref
2024-11-04 18:53:18.724 [warning] [Repository][getDefaultBranch] Failed to get default branch details: Failed to execute git.
2024-11-04 18:53:18.749 [info] > git merge-base refs/heads/main refs/remotes/origin/main [20ms]
2024-11-04 18:53:18.756 [info] > git diff --name-status -z --diff-filter=ADMR 61d3bcc0f7c7dd298c7e9f43612fa461b1569232...refs/remotes/origin/main [2ms]
2024-11-04 18:53:18.772 [info] > git status -z -uall [11ms]
2024-11-04 18:53:18.773 [info] > git for-each-ref --sort -committerdate --format %(refname) %(objectname) %(*objectname) [8ms]
2024-11-04 18:53:18.777 [info] > git rev-parse --show-toplevel [6ms]
2024-11-04 18:53:18.783 [info] > git rev-parse --show-toplevel [2ms]
2024-11-04 18:53:18.788 [info] > git rev-parse --show-toplevel [1ms]
2024-11-04 18:53:18.793 [info] > git rev-parse --show-toplevel [1ms]
2024-11-04 18:53:18.797 [info] > git rev-parse --show-toplevel [1ms]
2024-11-04 18:53:18.802 [info] > git rev-parse --show-toplevel [1ms]
2024-11-04 18:53:18.808 [info] > git rev-parse --show-toplevel [1ms]
2024-11-04 18:53:18.813 [info] > git rev-parse --show-toplevel [1ms]
2024-11-04 18:53:18.818 [info] > git rev-parse --show-toplevel [1ms]
2024-11-04 18:53:18.823 [info] > git rev-parse --show-toplevel [1ms]
2024-11-04 18:53:18.827 [info] > git rev-parse --show-toplevel [1ms]
2024-11-04 18:53:18.832 [info] > git rev-parse --show-toplevel [1ms]
2024-11-04 18:53:18.836 [info] > git rev-parse --show-toplevel [1ms]
2024-11-04 18:53:18.841 [info] > git rev-parse --show-toplevel [1ms]
2024-11-04 18:53:18.846 [info] > git rev-parse --show-toplevel [1ms]
2024-11-04 18:53:18.850 [info] > git rev-parse --show-toplevel [1ms]
2024-11-04 18:53:18.854 [info] > git rev-parse --show-toplevel [1ms]
2024-11-04 18:53:18.859 [info] > git rev-parse --show-toplevel [1ms]
2024-11-04 18:53:18.864 [info] > git rev-parse --show-toplevel [1ms]
2024-11-04 18:53:18.869 [info] > git rev-parse --show-toplevel [1ms]
2024-11-04 18:53:18.890 [info] > git rev-parse --show-toplevel [18ms]
2024-11-04 18:53:18.895 [info] > git rev-parse --show-toplevel [1ms]
2024-11-04 18:53:18.900 [info] > git rev-parse --show-toplevel [1ms]
2024-11-04 18:53:18.904 [info] > git rev-parse --show-toplevel [1ms]
2024-11-04 18:53:18.908 [info] > git rev-parse --show-toplevel [1ms]
2024-11-04 18:53:18.912 [info] > git rev-parse --show-toplevel [1ms]
2024-11-04 18:53:18.917 [info] > git rev-parse --show-toplevel [1ms]
2024-11-04 18:53:18.921 [info] > git rev-parse --show-toplevel [1ms]
2024-11-04 18:53:18.924 [info] [Model][doInitialScan] Initial repository scan completed - repositories (1), closed repositories (0), parent repositories (0), unsafe repositories (0)
2024-11-04 18:53:19.077 [info] > git check-ignore -v -z --stdin [1ms]
2024-11-04 18:53:20.849 [info] > git config --get commit.template [5ms]
2024-11-04 18:53:20.850 [info] > git for-each-ref --format=%(refname)%00%(upstream:short)%00%(objectname)%00%(upstream:track)%00%(upstream:remotename)%00%(upstream:remoteref) refs/heads/main refs/remotes/main [1ms]
2024-11-04 18:53:20.860 [info] > git status -z -uall [5ms]
2024-11-04 18:53:20.861 [info] > git for-each-ref --sort -committerdate --format %(refname) %(objectname) %(*objectname) [2ms]
2024-11-04 18:53:23.135 [info] > git check-ignore -v -z --stdin [1ms]
2024-11-04 18:53:25.874 [info] > git config --get commit.template [5ms]
2024-11-04 18:53:25.875 [info] > git for-each-ref --format=%(refname)%00%(upstream:short)%00%(objectname)%00%(upstream:track)%00%(upstream:remotename)%00%(upstream:remoteref) refs/heads/main refs/remotes/main [1ms]
2024-11-04 18:53:25.887 [info] > git status -z -uall [7ms]
2024-11-04 18:53:25.888 [info] > git for-each-ref --sort -committerdate --format %(refname) %(objectname) %(*objectname) [2ms]
2024-11-04 18:53:30.908 [info] > git config --get commit.template [7ms]
2024-11-04 18:53:30.910 [info] > git for-each-ref --format=%(refname)%00%(upstream:short)%00%(objectname)%00%(upstream:track)%00%(upstream:remotename)%00%(upstream:remoteref) refs/heads/main refs/remotes/main [3ms]
2024-11-04 18:53:30.926 [info] > git status -z -uall [9ms]
2024-11-04 18:53:30.928 [info] > git for-each-ref --sort -committerdate --format %(refname) %(objectname) %(*objectname) [3ms]
